{"name": "test_login", "status": "broken", "statusDetails": {"message": "selenium.common.exceptions.NoSuchElementException: Message: no such element: Unable to locate element: {\"method\":\"xpath\",\"selector\":\"//body/div[@id='app']/div[contains(@class,'v-menu__content theme--light v-menu__content--fixed menuable__content__active')]/div[contains(@class,'v-select-list v-card theme--light')]/div[contains(@role,'list')]/div[1]\"}\n  (Session info: chrome=118.0.5993.70); For documentation on this error, please visit: https://www.selenium.dev/documentation/webdriver/troubleshooting/errors#no-such-element-exception\nStacktrace:\n\tGetHandleVerifier [0x00007FF7F3A78EF2+54786]\n\t(No symbol) [0x00007FF7F39E5612]\n\t(No symbol) [0x00007FF7F389A64B]\n\t(No symbol) [0x00007FF7F38DB79C]\n\t(No symbol) [0x00007FF7F38DB91C]\n\t(No symbol) [0x00007FF7F3916D87]\n\t(No symbol) [0x00007FF7F38FBEAF]\n\t(No symbol) [0x00007FF7F3914D02]\n\t(No symbol) [0x00007FF7F38FBC43]\n\t(No symbol) [0x00007FF7F38D0941]\n\t(No symbol) [0x00007FF7F38D1B84]\n\tGetHandleVerifier [0x00007FF7F3DC7F52+3524194]\n\tGetHandleVerifier [0x00007FF7F3E1D800+3874576]\n\tGetHandleVerifier [0x00007FF7F3E15D7F+3843215]\n\tGetHandleVerifier [0x00007FF7F3B15086+694166]\n\t(No symbol) [0x00007FF7F39F0A88]\n\t(No symbol) [0x00007FF7F39ECA94]\n\t(No symbol) [0x00007FF7F39ECBC2]\n\t(No symbol) [0x00007FF7F39DCC83]\n\tBaseThreadInitThunk [0x00007FFC94567614+20]\n\tRtlUserThreadStart [0x00007FFC965426B1+33]", "trace": "driver = <selenium.webdriver.chrome.webdriver.WebDriver (session=\"a4c0455826bf47f670eeb79e2b63c42a\")>\n\n    def test_login(driver):\n        driver.get(\"https://www.docsmart.in/\")\n        button_login = WebDriverWait(driver, 15).until(\n            EC.visibility_of_element_located((By.ID, \"loginRegister\")))\n        button_login.click()\n    \n        role = WebDriverWait(driver, 15).until(\n            EC.visibility_of_element_located((By.XPATH, \".//div[@class='v-select__selections']\")))\n        role.click()\n    \n        select_role = WebDriverWait(driver,15).until(\n            EC.visibility_of_element_located((By.XPATH, \"//div[@class='v-list-item v-list-item--link theme--light'][2]\")))\n        select_role.click()\n    \n        username = WebDriverWait(driver, 15).until(\n            EC.visibility_of_element_located((By.XPATH, \"//label[text()='Enter your mobile number here.']/following-sibling::input\")))\n        username.send_keys(\"1111111111\")\n    \n        password = WebDriverWait(driver, 15).until(\n            EC.visibility_of_element_located((By.XPATH, \"//label[text()='Password']/following-sibling::div//input[@type='password']\"))\n        )\n        password.send_keys(\"Docsmart@20\")\n    \n        login = driver.find_element(By.XPATH, \"//span[normalize-space()='Login']\")\n        login.click()\n        time.sleep(5)\n    \n        profile_name = WebDriverWait(driver, 15).until(\n            EC.visibility_of_element_located((By.XPATH, \"//h6[@class='font-weight-bold line-clamp text-capitalize']\"))\n        )\n        profile_name.click()\n    \n        edit_profile = WebDriverWait(driver, 15).until(\n            EC.visibility_of_element_located((By.XPATH, \"//li[normalize-space()='Edit Profile']\"))\n        )\n        edit_profile.click()\n    \n        clinic_details = WebDriverWait(driver, 15).until(\n            EC.visibility_of_element_located((By.XPATH, \"//span[normalize-space()='Clinic Details']\"))\n        )\n        clinic_details.click()\n    \n        Add_clinic = WebDriverWait(driver, 15).until(\n            EC.element_to_be_clickable((By.XPATH, \"//div[@class='v-btn__content'][normalize-space()='Add Clinic']\"))\n    \n    )\n        Add_clinic.click()\n    \n        time.sleep(5)\n        element = driver.find_element(By.XPATH, \"//div[@class='v-card__text  v-card-min-height']\")\n    \n        # Scroll to the element\n        scroll_script = \"arguments[0].scrollTop += 400;\"\n        driver.execute_script(scroll_script, element)\n    \n        from_time =driver.find_element(By.XPATH, \"//div[@class='v-input active d-block v-text-field v-text-field--single-line v-text-field--solo v-text-field--enclosed v-select v-input--hide-details theme--light']//i[@class='v-icon material-icons theme--light'][normalize-space()='arrow_drop_down']\")\n    \n        from_time.click()\n        time.sleep(5)\n>       list1 = driver.find_element(By.XPATH,\"//body/div[@id='app']/div[contains(@class,'v-menu__content theme--light v-menu__content--fixed menuable__content__active')]/div[contains(@class,'v-select-list v-card theme--light')]/div[contains(@role,'list')]/div[1]\")\n\ntest_doctor.py:79: \n_ _ _ _ _ _ _ _ _ _ _ _ _ _ _ _ _ _ _ _ _ _ _ _ _ _ _ _ _ _ _ _ _ _ _ _ _ _ _ _ _ _ _ _ _ _ _ _ _ _ _ _ _ _ _ _ _ _ _ _ _ _ _ _ _ _ _ _ _ _ _ _ _ _ _ _ _ _ _ _ \n..\\Lib\\site-packages\\selenium\\webdriver\\remote\\webdriver.py:739: in find_element\n    return self.execute(Command.FIND_ELEMENT, {\"using\": by, \"value\": value})[\"value\"]\n..\\Lib\\site-packages\\selenium\\webdriver\\remote\\webdriver.py:345: in execute\n    self.error_handler.check_response(response)\n_ _ _ _ _ _ _ _ _ _ _ _ _ _ _ _ _ _ _ _ _ _ _ _ _ _ _ _ _ _ _ _ _ _ _ _ _ _ _ _ _ _ _ _ _ _ _ _ _ _ _ _ _ _ _ _ _ _ _ _ _ _ _ _ _ _ _ _ _ _ _ _ _ _ _ _ _ _ _ _ \n\nself = <selenium.webdriver.remote.errorhandler.ErrorHandler object at 0x000001F8D8843950>\nresponse = {'status': 404, 'value': '{\"value\":{\"error\":\"no such element\",\"message\":\"no such element: Unable to locate element: {\\...07FF7F39DCC83]\\\\n\\\\tBaseThreadInitThunk [0x00007FFC94567614+20]\\\\n\\\\tRtlUserThreadStart [0x00007FFC965426B1+33]\\\\n\"}}'}\n\n    def check_response(self, response: Dict[str, Any]) -> None:\n        \"\"\"Checks that a JSON response from the WebDriver does not have an\n        error.\n    \n        :Args:\n         - response - The JSON response from the WebDriver server as a dictionary\n           object.\n    \n        :Raises: If the response contains an error message.\n        \"\"\"\n        status = response.get(\"status\", None)\n        if not status or status == ErrorCode.SUCCESS:\n            return\n        value = None\n        message = response.get(\"message\", \"\")\n        screen: str = response.get(\"screen\", \"\")\n        stacktrace = None\n        if isinstance(status, int):\n            value_json = response.get(\"value\", None)\n            if value_json and isinstance(value_json, str):\n                import json\n    \n                try:\n                    value = json.loads(value_json)\n                    if len(value) == 1:\n                        value = value[\"value\"]\n                    status = value.get(\"error\", None)\n                    if not status:\n                        status = value.get(\"status\", ErrorCode.UNKNOWN_ERROR)\n                        message = value.get(\"value\") or value.get(\"message\")\n                        if not isinstance(message, str):\n                            value = message\n                            message = message.get(\"message\")\n                    else:\n                        message = value.get(\"message\", None)\n                except ValueError:\n                    pass\n    \n        exception_class: Type[WebDriverException]\n        e = ErrorCode()\n        error_codes = [item for item in dir(e) if not item.startswith(\"__\")]\n        for error_code in error_codes:\n            error_info = getattr(ErrorCode, error_code)\n            if isinstance(error_info, list) and status in error_info:\n                exception_class = getattr(ExceptionMapping, error_code, WebDriverException)\n                break\n        else:\n            exception_class = WebDriverException\n    \n        if not value:\n            value = response[\"value\"]\n        if isinstance(value, str):\n            raise exception_class(value)\n        if message == \"\" and \"message\" in value:\n            message = value[\"message\"]\n    \n        screen = None  # type: ignore[assignment]\n        if \"screen\" in value:\n            screen = value[\"screen\"]\n    \n        stacktrace = None\n        st_value = value.get(\"stackTrace\") or value.get(\"stacktrace\")\n        if st_value:\n            if isinstance(st_value, str):\n                stacktrace = st_value.split(\"\\n\")\n            else:\n                stacktrace = []\n                try:\n                    for frame in st_value:\n                        line = frame.get(\"lineNumber\", \"\")\n                        file = frame.get(\"fileName\", \"<anonymous>\")\n                        if line:\n                            file = f\"{file}:{line}\"\n                        meth = frame.get(\"methodName\", \"<anonymous>\")\n                        if \"className\" in frame:\n                            meth = f\"{frame['className']}.{meth}\"\n                        msg = \"    at %s (%s)\"\n                        msg = msg % (meth, file)\n                        stacktrace.append(msg)\n                except TypeError:\n                    pass\n        if exception_class == UnexpectedAlertPresentException:\n            alert_text = None\n            if \"data\" in value:\n                alert_text = value[\"data\"].get(\"text\")\n            elif \"alert\" in value:\n                alert_text = value[\"alert\"].get(\"text\")\n            raise exception_class(message, screen, stacktrace, alert_text)  # type: ignore[call-arg]  # mypy is not smart enough here\n>       raise exception_class(message, screen, stacktrace)\nE       selenium.common.exceptions.NoSuchElementException: Message: no such element: Unable to locate element: {\"method\":\"xpath\",\"selector\":\"//body/div[@id='app']/div[contains(@class,'v-menu__content theme--light v-menu__content--fixed menuable__content__active')]/div[contains(@class,'v-select-list v-card theme--light')]/div[contains(@role,'list')]/div[1]\"}\nE         (Session info: chrome=118.0.5993.70); For documentation on this error, please visit: https://www.selenium.dev/documentation/webdriver/troubleshooting/errors#no-such-element-exception\nE       Stacktrace:\nE       \tGetHandleVerifier [0x00007FF7F3A78EF2+54786]\nE       \t(No symbol) [0x00007FF7F39E5612]\nE       \t(No symbol) [0x00007FF7F389A64B]\nE       \t(No symbol) [0x00007FF7F38DB79C]\nE       \t(No symbol) [0x00007FF7F38DB91C]\nE       \t(No symbol) [0x00007FF7F3916D87]\nE       \t(No symbol) [0x00007FF7F38FBEAF]\nE       \t(No symbol) [0x00007FF7F3914D02]\nE       \t(No symbol) [0x00007FF7F38FBC43]\nE       \t(No symbol) [0x00007FF7F38D0941]\nE       \t(No symbol) [0x00007FF7F38D1B84]\nE       \tGetHandleVerifier [0x00007FF7F3DC7F52+3524194]\nE       \tGetHandleVerifier [0x00007FF7F3E1D800+3874576]\nE       \tGetHandleVerifier [0x00007FF7F3E15D7F+3843215]\nE       \tGetHandleVerifier [0x00007FF7F3B15086+694166]\nE       \t(No symbol) [0x00007FF7F39F0A88]\nE       \t(No symbol) [0x00007FF7F39ECA94]\nE       \t(No symbol) [0x00007FF7F39ECBC2]\nE       \t(No symbol) [0x00007FF7F39DCC83]\nE       \tBaseThreadInitThunk [0x00007FFC94567614+20]\nE       \tRtlUserThreadStart [0x00007FFC965426B1+33]\n\n..\\Lib\\site-packages\\selenium\\webdriver\\remote\\errorhandler.py:229: NoSuchElementException"}, "start": 1697302913606, "stop": 1697302942579, "uuid": "fead57ad-29bb-4d35-950c-bc451791110f", "historyId": "b11184b5d6979c19d624239624809117", "testCaseId": "b11184b5d6979c19d624239624809117", "fullName": "tests.test_doctor#test_login", "labels": [{"name": "parentSuite", "value": "tests"}, {"name": "suite", "value": "test_doctor"}, {"name": "host", "value": "DESKTOP-RNQDI0M"}, {"name": "thread", "value": "16732-MainThread"}, {"name": "framework", "value": "pytest"}, {"name": "language", "value": "cpython3"}, {"name": "package", "value": "tests.test_doctor"}]}